<?xml version="1.0" encoding="UTF-8"?>
<!-- Generated by org.testng.reporters.JUnitXMLReporter -->
<testsuite ignored="0" hostname="LAPTOP-IBUOS8EK" failures="0" tests="4" name="Test" time="92.902" errors="0" timestamp="2026-06-15T16:23:19 IST">
  <testcase classname="com.test.SeleniumTest" name="openReqResSite" time="64.472"/>
  <testcase classname="com.test.GetUserTest" name="getUserData" time="24.365"/>
  <testcase classname="com.test.APIValidationTest" name="validateUserData" time="1.355"/>
  <testcase classname="com.test.CreateUserTest" name="createUser" time="2.625"/>
</testsuite> <!-- Test -->
