<?xml version="1.0" encoding="UTF-8"?>
<testng-results ignored="0" total="1" passed="1" failed="0" skipped="0">
  <reporter-output>
  </reporter-output>
  <suite started-at="2026-06-16T20:40:33 IST" name="Default suite" finished-at="2026-06-16T20:40:35 IST" duration-ms="1977">
    <groups>
    </groups>
    <test started-at="2026-06-16T20:40:33 IST" name="Default test" finished-at="2026-06-16T20:40:35 IST" duration-ms="1977">
      <class name="com.practice_restassured.OptionsTrainee">
        <test-method signature="options_trainee()[pri:0, instance:com.practice_restassured.OptionsTrainee@41d477ed]" started-at="2026-06-16T20:40:34 IST" name="options_trainee" finished-at="2026-06-16T20:40:35 IST" duration-ms="1907" status="PASS">
          <reporter-output>
          </reporter-output>
        </test-method> <!-- options_trainee -->
      </class> <!-- com.practice_restassured.OptionsTrainee -->
    </test> <!-- Default test -->
  </suite> <!-- Default suite -->
</testng-results>
